{"/Users/alicefanz/Desktop/js/databases/database/postgres/pg.js": {"path":"/Users/alicefanz/Desktop/js/databases/database/postgres/pg.js","statementMap":{"0":{"start":{"line":1,"column":15},"end":{"line":1,"column":53}},"1":{"start":{"line":2,"column":19},"end":{"line":2,"column":32}},"2":{"start":{"line":3,"column":0},"end":{"line":3,"column":26}},"3":{"start":{"line":5,"column":17},"end":{"line":5,"column":19}},"4":{"start":{"line":8,"column":0},"end":{"line":17,"column":1}},"5":{"start":{"line":9,"column":4},"end":{"line":15,"column":6}},"6":{"start":{"line":16,"column":4},"end":{"line":16,"column":27}},"7":{"start":{"line":19,"column":0},"end":{"line":21,"column":1}},"8":{"start":{"line":20,"column":4},"end":{"line":20,"column":23}},"9":{"start":{"line":23,"column":0},"end":{"line":33,"column":1}},"10":{"start":{"line":24,"column":4},"end":{"line":24,"column":37}},"11":{"start":{"line":24,"column":31},"end":{"line":24,"column":37}},"12":{"start":{"line":25,"column":2},"end":{"line":32,"column":3}},"13":{"start":{"line":26,"column":4},"end":{"line":26,"column":70}},"14":{"start":{"line":27,"column":4},"end":{"line":27,"column":103}},"15":{"start":{"line":28,"column":4},"end":{"line":28,"column":79}},"16":{"start":{"line":30,"column":4},"end":{"line":30,"column":21}},"17":{"start":{"line":31,"column":4},"end":{"line":31,"column":73}},"18":{"start":{"line":35,"column":0},"end":{"line":44,"column":1}},"19":{"start":{"line":36,"column":4},"end":{"line":36,"column":24}},"20":{"start":{"line":36,"column":18},"end":{"line":36,"column":24}},"21":{"start":{"line":37,"column":2},"end":{"line":43,"column":3}},"22":{"start":{"line":38,"column":4},"end":{"line":38,"column":64}},"23":{"start":{"line":39,"column":4},"end":{"line":39,"column":60}},"24":{"start":{"line":41,"column":4},"end":{"line":41,"column":21}},"25":{"start":{"line":42,"column":4},"end":{"line":42,"column":86}},"26":{"start":{"line":46,"column":0},"end":{"line":46,"column":25}}},"fnMap":{"0":{"name":"(anonymous_0)","decl":{"start":{"line":8,"column":21},"end":{"line":8,"column":22}},"loc":{"start":{"line":8,"column":25},"end":{"line":17,"column":1}},"line":8},"1":{"name":"(anonymous_1)","decl":{"start":{"line":19,"column":21},"end":{"line":19,"column":22}},"loc":{"start":{"line":19,"column":25},"end":{"line":21,"column":1}},"line":19},"2":{"name":"(anonymous_2)","decl":{"start":{"line":23,"column":27},"end":{"line":23,"column":28}},"loc":{"start":{"line":23,"column":55},"end":{"line":33,"column":1}},"line":23},"3":{"name":"(anonymous_3)","decl":{"start":{"line":35,"column":27},"end":{"line":35,"column":28}},"loc":{"start":{"line":35,"column":45},"end":{"line":44,"column":1}},"line":35}},"branchMap":{"0":{"loc":{"start":{"line":24,"column":4},"end":{"line":24,"column":37}},"type":"if","locations":[{"start":{"line":24,"column":4},"end":{"line":24,"column":37}},{"start":{"line":24,"column":4},"end":{"line":24,"column":37}}],"line":24},"1":{"loc":{"start":{"line":24,"column":7},"end":{"line":24,"column":29}},"type":"binary-expr","locations":[{"start":{"line":24,"column":7},"end":{"line":24,"column":16}},{"start":{"line":24,"column":20},"end":{"line":24,"column":29}}],"line":24},"2":{"loc":{"start":{"line":36,"column":4},"end":{"line":36,"column":24}},"type":"if","locations":[{"start":{"line":36,"column":4},"end":{"line":36,"column":24}},{"start":{"line":36,"column":4},"end":{"line":36,"column":24}}],"line":36}},"s":{"0":1,"1":1,"2":1,"3":1,"4":1,"5":7,"6":7,"7":1,"8":7,"9":1,"10":3,"11":1,"12":2,"13":2,"14":1,"15":1,"16":1,"17":1,"18":1,"19":3,"20":1,"21":2,"22":2,"23":1,"24":1,"25":1,"26":1},"f":{"0":7,"1":7,"2":3,"3":3},"b":{"0":[1,2],"1":[3,2],"2":[1,2]},"_coverageSchema":"1a1c01bbd47fc00a2c39e90264f33305004495a9","hash":"05fa337a54335193a641588bf30b30b8ec226509"}
,"/Users/alicefanz/Desktop/js/databases/lib/log.js": {"path":"/Users/alicefanz/Desktop/js/databases/lib/log.js","statementMap":{"0":{"start":{"line":1,"column":43},"end":{"line":1,"column":61}},"1":{"start":{"line":2,"column":13},"end":{"line":2,"column":28}},"2":{"start":{"line":4,"column":0},"end":{"line":42,"column":1}},"3":{"start":{"line":5,"column":19},"end":{"line":19,"column":6}},"4":{"start":{"line":13,"column":20},"end":{"line":13,"column":93}},"5":{"start":{"line":21,"column":24},"end":{"line":27,"column":5}},"6":{"start":{"line":22,"column":27},"end":{"line":25,"column":10}},"7":{"start":{"line":23,"column":12},"end":{"line":23,"column":55}},"8":{"start":{"line":23,"column":36},"end":{"line":23,"column":55}},"9":{"start":{"line":24,"column":12},"end":{"line":24,"column":20}},"10":{"start":{"line":26,"column":8},"end":{"line":26,"column":44}},"11":{"start":{"line":29,"column":16},"end":{"line":39,"column":5}},"12":{"start":{"line":31,"column":12},"end":{"line":31,"column":42}},"13":{"start":{"line":34,"column":12},"end":{"line":34,"column":42}},"14":{"start":{"line":37,"column":12},"end":{"line":37,"column":43}},"15":{"start":{"line":41,"column":4},"end":{"line":41,"column":14}}},"fnMap":{"0":{"name":"(anonymous_0)","decl":{"start":{"line":4,"column":17},"end":{"line":4,"column":18}},"loc":{"start":{"line":4,"column":27},"end":{"line":42,"column":1}},"line":4},"1":{"name":"(anonymous_1)","decl":{"start":{"line":12,"column":26},"end":{"line":12,"column":27}},"loc":{"start":{"line":12,"column":36},"end":{"line":14,"column":17}},"line":12},"2":{"name":"(anonymous_2)","decl":{"start":{"line":21,"column":24},"end":{"line":21,"column":25}},"loc":{"start":{"line":21,"column":34},"end":{"line":27,"column":5}},"line":21},"3":{"name":"(anonymous_3)","decl":{"start":{"line":22,"column":36},"end":{"line":22,"column":37}},"loc":{"start":{"line":22,"column":43},"end":{"line":25,"column":9}},"line":22},"4":{"name":"(anonymous_4)","decl":{"start":{"line":30,"column":14},"end":{"line":30,"column":15}},"loc":{"start":{"line":30,"column":27},"end":{"line":32,"column":9}},"line":30},"5":{"name":"(anonymous_5)","decl":{"start":{"line":33,"column":14},"end":{"line":33,"column":15}},"loc":{"start":{"line":33,"column":27},"end":{"line":35,"column":9}},"line":33},"6":{"name":"(anonymous_6)","decl":{"start":{"line":36,"column":15},"end":{"line":36,"column":16}},"loc":{"start":{"line":36,"column":28},"end":{"line":38,"column":9}},"line":36}},"branchMap":{"0":{"loc":{"start":{"line":23,"column":12},"end":{"line":23,"column":55}},"type":"if","locations":[{"start":{"line":23,"column":12},"end":{"line":23,"column":55}},{"start":{"line":23,"column":12},"end":{"line":23,"column":55}}],"line":23}},"s":{"0":11,"1":11,"2":11,"3":12,"4":32,"5":12,"6":34,"7":53,"8":5,"9":48,"10":34,"11":12,"12":27,"13":1,"14":6,"15":12},"f":{"0":12,"1":32,"2":34,"3":53,"4":27,"5":1,"6":6},"b":{"0":[5,48]},"_coverageSchema":"1a1c01bbd47fc00a2c39e90264f33305004495a9","hash":"0fd601845f0a8b433fbc35a03c2baec9fa235013"}
,"/Users/alicefanz/Desktop/js/databases/lib/users.js": {"path":"/Users/alicefanz/Desktop/js/databases/lib/users.js","statementMap":{"0":{"start":{"line":1,"column":15},"end":{"line":1,"column":43}},"1":{"start":{"line":2,"column":12},"end":{"line":2,"column":26}},"2":{"start":{"line":3,"column":11},"end":{"line":3,"column":37}},"3":{"start":{"line":4,"column":15},"end":{"line":4,"column":32}},"4":{"start":{"line":5,"column":15},"end":{"line":5,"column":32}},"5":{"start":{"line":6,"column":14},"end":{"line":6,"column":43}},"6":{"start":{"line":7,"column":14},"end":{"line":7,"column":16}},"7":{"start":{"line":9,"column":15},"end":{"line":13,"column":2}},"8":{"start":{"line":15,"column":0},"end":{"line":32,"column":1}},"9":{"start":{"line":16,"column":14},"end":{"line":16,"column":36}},"10":{"start":{"line":17,"column":22},"end":{"line":17,"column":41}},"11":{"start":{"line":19,"column":18},"end":{"line":22,"column":3}},"12":{"start":{"line":24,"column":22},"end":{"line":24,"column":45}},"13":{"start":{"line":25,"column":23},"end":{"line":25,"column":66}},"14":{"start":{"line":27,"column":2},"end":{"line":27,"column":69}},"15":{"start":{"line":28,"column":2},"end":{"line":31,"column":4}},"16":{"start":{"line":34,"column":0},"end":{"line":59,"column":1}},"17":{"start":{"line":35,"column":2},"end":{"line":39,"column":3}},"18":{"start":{"line":36,"column":4},"end":{"line":36,"column":35}},"19":{"start":{"line":38,"column":4},"end":{"line":38,"column":24}},"20":{"start":{"line":41,"column":40},"end":{"line":41,"column":48}},"21":{"start":{"line":42,"column":23},"end":{"line":42,"column":37}},"22":{"start":{"line":43,"column":22},"end":{"line":47,"column":4}},"23":{"start":{"line":48,"column":2},"end":{"line":51,"column":3}},"24":{"start":{"line":49,"column":4},"end":{"line":49,"column":82}},"25":{"start":{"line":50,"column":4},"end":{"line":50,"column":50}},"26":{"start":{"line":52,"column":21},"end":{"line":56,"column":4}},"27":{"start":{"line":57,"column":2},"end":{"line":57,"column":48}},"28":{"start":{"line":58,"column":2},"end":{"line":58,"column":19}},"29":{"start":{"line":61,"column":0},"end":{"line":86,"column":1}},"30":{"start":{"line":62,"column":2},"end":{"line":65,"column":3}},"31":{"start":{"line":63,"column":4},"end":{"line":63,"column":55}},"32":{"start":{"line":64,"column":4},"end":{"line":64,"column":44}},"33":{"start":{"line":67,"column":23},"end":{"line":67,"column":37}},"34":{"start":{"line":68,"column":18},"end":{"line":72,"column":4}},"35":{"start":{"line":74,"column":2},"end":{"line":77,"column":3}},"36":{"start":{"line":75,"column":4},"end":{"line":75,"column":52}},"37":{"start":{"line":76,"column":4},"end":{"line":76,"column":37}},"38":{"start":{"line":79,"column":20},"end":{"line":79,"column":88}},"39":{"start":{"line":80,"column":2},"end":{"line":83,"column":3}},"40":{"start":{"line":81,"column":4},"end":{"line":81,"column":42}},"41":{"start":{"line":82,"column":4},"end":{"line":82,"column":46}},"42":{"start":{"line":85,"column":2},"end":{"line":85,"column":27}},"43":{"start":{"line":88,"column":0},"end":{"line":107,"column":1}},"44":{"start":{"line":89,"column":2},"end":{"line":92,"column":3}},"45":{"start":{"line":90,"column":4},"end":{"line":90,"column":93}},"46":{"start":{"line":91,"column":4},"end":{"line":91,"column":78}},"47":{"start":{"line":93,"column":21},"end":{"line":93,"column":35}},"48":{"start":{"line":94,"column":2},"end":{"line":105,"column":3}},"49":{"start":{"line":95,"column":4},"end":{"line":101,"column":6}},"50":{"start":{"line":103,"column":4},"end":{"line":103,"column":68}},"51":{"start":{"line":104,"column":4},"end":{"line":104,"column":48}},"52":{"start":{"line":106,"column":2},"end":{"line":106,"column":68}},"53":{"start":{"line":109,"column":0},"end":{"line":109,"column":22}}},"fnMap":{"0":{"name":"(anonymous_0)","decl":{"start":{"line":15,"column":31},"end":{"line":15,"column":32}},"loc":{"start":{"line":15,"column":54},"end":{"line":32,"column":1}},"line":15},"1":{"name":"(anonymous_1)","decl":{"start":{"line":34,"column":15},"end":{"line":34,"column":16}},"loc":{"start":{"line":34,"column":35},"end":{"line":59,"column":1}},"line":34},"2":{"name":"(anonymous_2)","decl":{"start":{"line":61,"column":14},"end":{"line":61,"column":15}},"loc":{"start":{"line":61,"column":34},"end":{"line":86,"column":1}},"line":61},"3":{"name":"(anonymous_3)","decl":{"start":{"line":88,"column":22},"end":{"line":88,"column":23}},"loc":{"start":{"line":88,"column":49},"end":{"line":107,"column":1}},"line":88}},"branchMap":{"0":{"loc":{"start":{"line":48,"column":2},"end":{"line":51,"column":3}},"type":"if","locations":[{"start":{"line":48,"column":2},"end":{"line":51,"column":3}},{"start":{"line":48,"column":2},"end":{"line":51,"column":3}}],"line":48},"1":{"loc":{"start":{"line":62,"column":2},"end":{"line":65,"column":3}},"type":"if","locations":[{"start":{"line":62,"column":2},"end":{"line":65,"column":3}},{"start":{"line":62,"column":2},"end":{"line":65,"column":3}}],"line":62},"2":{"loc":{"start":{"line":74,"column":2},"end":{"line":77,"column":3}},"type":"if","locations":[{"start":{"line":74,"column":2},"end":{"line":77,"column":3}},{"start":{"line":74,"column":2},"end":{"line":77,"column":3}}],"line":74},"3":{"loc":{"start":{"line":80,"column":2},"end":{"line":83,"column":3}},"type":"if","locations":[{"start":{"line":80,"column":2},"end":{"line":83,"column":3}},{"start":{"line":80,"column":2},"end":{"line":83,"column":3}}],"line":80},"4":{"loc":{"start":{"line":89,"column":2},"end":{"line":92,"column":3}},"type":"if","locations":[{"start":{"line":89,"column":2},"end":{"line":92,"column":3}},{"start":{"line":89,"column":2},"end":{"line":92,"column":3}}],"line":89},"5":{"loc":{"start":{"line":89,"column":6},"end":{"line":89,"column":34}},"type":"binary-expr","locations":[{"start":{"line":89,"column":6},"end":{"line":89,"column":12}},{"start":{"line":89,"column":16},"end":{"line":89,"column":34}}],"line":89}},"s":{"0":3,"1":3,"2":3,"3":3,"4":3,"5":3,"6":3,"7":3,"8":3,"9":2,"10":2,"11":2,"12":2,"13":2,"14":2,"15":2,"16":3,"17":7,"18":7,"19":5,"20":2,"21":2,"22":2,"23":2,"24":1,"25":1,"26":1,"27":1,"28":1,"29":3,"30":4,"31":1,"32":1,"33":3,"34":3,"35":3,"36":1,"37":1,"38":2,"39":2,"40":1,"41":1,"42":1,"43":3,"44":3,"45":1,"46":1,"47":2,"48":2,"49":2,"50":1,"51":1,"52":1,"53":3},"f":{"0":2,"1":7,"2":4,"3":3},"b":{"0":[1,1],"1":[1,3],"2":[1,2],"3":[1,1],"4":[1,2],"5":[3,3]},"_coverageSchema":"1a1c01bbd47fc00a2c39e90264f33305004495a9","hash":"13e448c68c497c0f5f6dd28736722c2e4971701e"}
,"/Users/alicefanz/Desktop/js/databases/sequelize/db.js": {"path":"/Users/alicefanz/Desktop/js/databases/sequelize/db.js","statementMap":{"0":{"start":{"line":1,"column":33},"end":{"line":1,"column":53}},"1":{"start":{"line":2,"column":15},"end":{"line":2,"column":48}},"2":{"start":{"line":3,"column":0},"end":{"line":3,"column":26}},"3":{"start":{"line":6,"column":17},"end":{"line":6,"column":19}},"4":{"start":{"line":8,"column":15},"end":{"line":8,"column":17}},"5":{"start":{"line":10,"column":0},"end":{"line":58,"column":1}},"6":{"start":{"line":11,"column":2},"end":{"line":11,"column":42}},"7":{"start":{"line":12,"column":2},"end":{"line":57,"column":3}},"8":{"start":{"line":13,"column":4},"end":{"line":21,"column":6}},"9":{"start":{"line":22,"column":4},"end":{"line":49,"column":6}},"10":{"start":{"line":50,"column":4},"end":{"line":50,"column":46}},"11":{"start":{"line":51,"column":4},"end":{"line":51,"column":34}},"12":{"start":{"line":52,"column":4},"end":{"line":52,"column":47}},"13":{"start":{"line":53,"column":4},"end":{"line":53,"column":59}},"14":{"start":{"line":55,"column":4},"end":{"line":55,"column":21}},"15":{"start":{"line":56,"column":4},"end":{"line":56,"column":63}},"16":{"start":{"line":60,"column":0},"end":{"line":63,"column":1}},"17":{"start":{"line":61,"column":2},"end":{"line":61,"column":41}},"18":{"start":{"line":62,"column":2},"end":{"line":62,"column":26}},"19":{"start":{"line":65,"column":0},"end":{"line":68,"column":1}},"20":{"start":{"line":66,"column":2},"end":{"line":66,"column":31}},"21":{"start":{"line":67,"column":2},"end":{"line":67,"column":15}},"22":{"start":{"line":70,"column":0},"end":{"line":70,"column":25}}},"fnMap":{"0":{"name":"(anonymous_0)","decl":{"start":{"line":10,"column":17},"end":{"line":10,"column":18}},"loc":{"start":{"line":10,"column":29},"end":{"line":58,"column":1}},"line":10},"1":{"name":"(anonymous_1)","decl":{"start":{"line":60,"column":17},"end":{"line":60,"column":18}},"loc":{"start":{"line":60,"column":23},"end":{"line":63,"column":1}},"line":60},"2":{"name":"(anonymous_2)","decl":{"start":{"line":65,"column":21},"end":{"line":65,"column":22}},"loc":{"start":{"line":65,"column":27},"end":{"line":68,"column":1}},"line":65}},"branchMap":{},"s":{"0":4,"1":4,"2":4,"3":4,"4":4,"5":4,"6":5,"7":5,"8":5,"9":5,"10":5,"11":5,"12":4,"13":4,"14":1,"15":1,"16":4,"17":1,"18":1,"19":4,"20":1,"21":1,"22":4},"f":{"0":5,"1":1,"2":1},"b":{},"_coverageSchema":"1a1c01bbd47fc00a2c39e90264f33305004495a9","hash":"bc16a04b5cd69e46693c47ad49a167a9542a18cc"}
,"/Users/alicefanz/Desktop/js/databases/services/mailer.js": {"path":"/Users/alicefanz/Desktop/js/databases/services/mailer.js","statementMap":{"0":{"start":{"line":1,"column":16},"end":{"line":1,"column":37}},"1":{"start":{"line":2,"column":15},"end":{"line":2,"column":48}},"2":{"start":{"line":3,"column":0},"end":{"line":3,"column":26}},"3":{"start":{"line":5,"column":11},"end":{"line":8,"column":2}},"4":{"start":{"line":10,"column":17},"end":{"line":10,"column":19}},"5":{"start":{"line":12,"column":0},"end":{"line":33,"column":1}},"6":{"start":{"line":13,"column":15},"end":{"line":13,"column":70}},"7":{"start":{"line":14,"column":15},"end":{"line":26,"column":3}},"8":{"start":{"line":27,"column":2},"end":{"line":32,"column":4}},"9":{"start":{"line":28,"column":4},"end":{"line":28,"column":69}},"10":{"start":{"line":30,"column":4},"end":{"line":30,"column":50}},"11":{"start":{"line":31,"column":4},"end":{"line":31,"column":14}},"12":{"start":{"line":35,"column":0},"end":{"line":35,"column":25}}},"fnMap":{"0":{"name":"(anonymous_0)","decl":{"start":{"line":12,"column":34},"end":{"line":12,"column":35}},"loc":{"start":{"line":12,"column":55},"end":{"line":33,"column":1}},"line":12},"1":{"name":"(anonymous_1)","decl":{"start":{"line":27,"column":39},"end":{"line":27,"column":40}},"loc":{"start":{"line":27,"column":57},"end":{"line":29,"column":3}},"line":27},"2":{"name":"(anonymous_2)","decl":{"start":{"line":29,"column":11},"end":{"line":29,"column":12}},"loc":{"start":{"line":29,"column":20},"end":{"line":32,"column":3}},"line":29}},"branchMap":{},"s":{"0":4,"1":4,"2":4,"3":4,"4":4,"5":4,"6":2,"7":2,"8":2,"9":1,"10":1,"11":1,"12":4},"f":{"0":2,"1":1,"2":1},"b":{},"_coverageSchema":"1a1c01bbd47fc00a2c39e90264f33305004495a9","hash":"675b8661e24d3af9f476d65f2fcffb3be41067b9"}
,"/Users/alicefanz/Desktop/js/databases/src/server.js": {"path":"/Users/alicefanz/Desktop/js/databases/src/server.js","statementMap":{"0":{"start":{"line":1,"column":16},"end":{"line":1,"column":34}},"1":{"start":{"line":2,"column":15},"end":{"line":2,"column":48}},"2":{"start":{"line":3,"column":17},"end":{"line":3,"column":43}},"3":{"start":{"line":4,"column":16},"end":{"line":4,"column":42}},"4":{"start":{"line":5,"column":88},"end":{"line":5,"column":118}},"5":{"start":{"line":7,"column":13},"end":{"line":7,"column":17}},"6":{"start":{"line":8,"column":10},"end":{"line":8,"column":14}},"7":{"start":{"line":10,"column":15},"end":{"line":12,"column":1}},"8":{"start":{"line":11,"column":2},"end":{"line":11,"column":12}},"9":{"start":{"line":14,"column":20},"end":{"line":41,"column":1}},"10":{"start":{"line":15,"column":2},"end":{"line":15,"column":24}},"11":{"start":{"line":16,"column":2},"end":{"line":40,"column":4}},"12":{"start":{"line":17,"column":4},"end":{"line":17,"column":19}},"13":{"start":{"line":19,"column":4},"end":{"line":19,"column":27}},"14":{"start":{"line":20,"column":4},"end":{"line":28,"column":7}},"15":{"start":{"line":29,"column":4},"end":{"line":29,"column":48}},"16":{"start":{"line":30,"column":4},"end":{"line":30,"column":49}},"17":{"start":{"line":31,"column":4},"end":{"line":31,"column":38}},"18":{"start":{"line":32,"column":4},"end":{"line":32,"column":39}},"19":{"start":{"line":33,"column":4},"end":{"line":33,"column":44}},"20":{"start":{"line":34,"column":4},"end":{"line":34,"column":46}},"21":{"start":{"line":36,"column":4},"end":{"line":39,"column":6}},"22":{"start":{"line":37,"column":6},"end":{"line":37,"column":18}},"23":{"start":{"line":38,"column":6},"end":{"line":38,"column":58}},"24":{"start":{"line":43,"column":19},"end":{"line":52,"column":1}},"25":{"start":{"line":44,"column":2},"end":{"line":51,"column":4}},"26":{"start":{"line":45,"column":4},"end":{"line":45,"column":20}},"27":{"start":{"line":46,"column":4},"end":{"line":46,"column":37}},"28":{"start":{"line":47,"column":4},"end":{"line":50,"column":6}},"29":{"start":{"line":48,"column":6},"end":{"line":48,"column":47}},"30":{"start":{"line":49,"column":6},"end":{"line":49,"column":15}},"31":{"start":{"line":54,"column":0},"end":{"line":58,"column":1}}},"fnMap":{"0":{"name":"(anonymous_0)","decl":{"start":{"line":10,"column":15},"end":{"line":10,"column":16}},"loc":{"start":{"line":10,"column":21},"end":{"line":12,"column":1}},"line":10},"1":{"name":"(anonymous_1)","decl":{"start":{"line":14,"column":20},"end":{"line":14,"column":21}},"loc":{"start":{"line":14,"column":42},"end":{"line":41,"column":1}},"line":14},"2":{"name":"(anonymous_2)","decl":{"start":{"line":16,"column":21},"end":{"line":16,"column":22}},"loc":{"start":{"line":16,"column":42},"end":{"line":40,"column":3}},"line":16},"3":{"name":"(anonymous_3)","decl":{"start":{"line":36,"column":36},"end":{"line":36,"column":37}},"loc":{"start":{"line":36,"column":42},"end":{"line":39,"column":5}},"line":36},"4":{"name":"(anonymous_4)","decl":{"start":{"line":43,"column":19},"end":{"line":43,"column":20}},"loc":{"start":{"line":43,"column":25},"end":{"line":52,"column":1}},"line":43},"5":{"name":"(anonymous_5)","decl":{"start":{"line":44,"column":21},"end":{"line":44,"column":22}},"loc":{"start":{"line":44,"column":42},"end":{"line":51,"column":3}},"line":44},"6":{"name":"(anonymous_6)","decl":{"start":{"line":47,"column":17},"end":{"line":47,"column":18}},"loc":{"start":{"line":47,"column":23},"end":{"line":50,"column":5}},"line":47}},"branchMap":{},"s":{"0":1,"1":1,"2":1,"3":1,"4":1,"5":1,"6":1,"7":1,"8":2,"9":1,"10":4,"11":4,"12":4,"13":4,"14":4,"15":4,"16":4,"17":4,"18":4,"19":4,"20":4,"21":4,"22":4,"23":4,"24":1,"25":1,"26":1,"27":1,"28":1,"29":1,"30":1,"31":1},"f":{"0":2,"1":4,"2":4,"3":4,"4":1,"5":1,"6":1},"b":{},"_coverageSchema":"1a1c01bbd47fc00a2c39e90264f33305004495a9","hash":"fef8080cf7461726d7274a9ea522d26c85812f33"}
,"/Users/alicefanz/Desktop/js/databases/src/routes/userRoutes.js": {"path":"/Users/alicefanz/Desktop/js/databases/src/routes/userRoutes.js","statementMap":{"0":{"start":{"line":1,"column":60},"end":{"line":1,"column":86}},"1":{"start":{"line":2,"column":15},"end":{"line":2,"column":51}},"2":{"start":{"line":3,"column":11},"end":{"line":3,"column":40}},"3":{"start":{"line":4,"column":15},"end":{"line":4,"column":17}},"4":{"start":{"line":6,"column":0},"end":{"line":32,"column":1}},"5":{"start":{"line":7,"column":16},"end":{"line":7,"column":30}},"6":{"start":{"line":8,"column":2},"end":{"line":8,"column":54}},"7":{"start":{"line":10,"column":2},"end":{"line":12,"column":3}},"8":{"start":{"line":11,"column":4},"end":{"line":11,"column":68}},"9":{"start":{"line":13,"column":2},"end":{"line":13,"column":37}},"10":{"start":{"line":14,"column":21},"end":{"line":14,"column":35}},"11":{"start":{"line":15,"column":22},"end":{"line":19,"column":4}},"12":{"start":{"line":20,"column":2},"end":{"line":22,"column":3}},"13":{"start":{"line":21,"column":4},"end":{"line":21,"column":77}},"14":{"start":{"line":23,"column":2},"end":{"line":23,"column":81}},"15":{"start":{"line":24,"column":2},"end":{"line":31,"column":3}},"16":{"start":{"line":25,"column":4},"end":{"line":25,"column":45}},"17":{"start":{"line":26,"column":4},"end":{"line":26,"column":75}},"18":{"start":{"line":27,"column":4},"end":{"line":27,"column":79}},"19":{"start":{"line":29,"column":4},"end":{"line":29,"column":66}},"20":{"start":{"line":30,"column":4},"end":{"line":30,"column":94}},"21":{"start":{"line":34,"column":0},"end":{"line":48,"column":1}},"22":{"start":{"line":35,"column":19},"end":{"line":39,"column":3}},"23":{"start":{"line":40,"column":2},"end":{"line":47,"column":3}},"24":{"start":{"line":41,"column":4},"end":{"line":41,"column":26}},"25":{"start":{"line":42,"column":4},"end":{"line":42,"column":68}},"26":{"start":{"line":43,"column":4},"end":{"line":43,"column":87}},"27":{"start":{"line":45,"column":4},"end":{"line":45,"column":64}},"28":{"start":{"line":46,"column":4},"end":{"line":46,"column":93}},"29":{"start":{"line":50,"column":0},"end":{"line":77,"column":1}},"30":{"start":{"line":51,"column":2},"end":{"line":54,"column":3}},"31":{"start":{"line":52,"column":4},"end":{"line":52,"column":43}},"32":{"start":{"line":53,"column":4},"end":{"line":53,"column":79}},"33":{"start":{"line":55,"column":21},"end":{"line":55,"column":35}},"34":{"start":{"line":56,"column":2},"end":{"line":76,"column":5}},"35":{"start":{"line":57,"column":20},"end":{"line":61,"column":6}},"36":{"start":{"line":62,"column":4},"end":{"line":65,"column":5}},"37":{"start":{"line":63,"column":6},"end":{"line":63,"column":52}},"38":{"start":{"line":64,"column":6},"end":{"line":64,"column":73}},"39":{"start":{"line":66,"column":4},"end":{"line":69,"column":5}},"40":{"start":{"line":67,"column":6},"end":{"line":67,"column":95}},"41":{"start":{"line":68,"column":6},"end":{"line":68,"column":90}},"42":{"start":{"line":70,"column":4},"end":{"line":70,"column":27}},"43":{"start":{"line":71,"column":4},"end":{"line":71,"column":64}},"44":{"start":{"line":72,"column":4},"end":{"line":72,"column":87}},"45":{"start":{"line":74,"column":4},"end":{"line":74,"column":60}},"46":{"start":{"line":75,"column":6},"end":{"line":75,"column":88}},"47":{"start":{"line":79,"column":0},"end":{"line":94,"column":1}},"48":{"start":{"line":80,"column":20},"end":{"line":84,"column":3}},"49":{"start":{"line":85,"column":2},"end":{"line":93,"column":3}},"50":{"start":{"line":86,"column":21},"end":{"line":86,"column":43}},"51":{"start":{"line":87,"column":4},"end":{"line":87,"column":44}},"52":{"start":{"line":88,"column":4},"end":{"line":88,"column":47}},"53":{"start":{"line":89,"column":4},"end":{"line":89,"column":41}},"54":{"start":{"line":91,"column":4},"end":{"line":91,"column":20}},"55":{"start":{"line":92,"column":4},"end":{"line":92,"column":90}},"56":{"start":{"line":95,"column":2},"end":{"line":119,"column":3}},"57":{"start":{"line":96,"column":4},"end":{"line":99,"column":5}},"58":{"start":{"line":97,"column":6},"end":{"line":97,"column":34}},"59":{"start":{"line":98,"column":6},"end":{"line":98,"column":91}},"60":{"start":{"line":100,"column":23},"end":{"line":100,"column":37}},"61":{"start":{"line":101,"column":24},"end":{"line":105,"column":6}},"62":{"start":{"line":106,"column":4},"end":{"line":110,"column":5}},"63":{"start":{"line":107,"column":8},"end":{"line":107,"column":45}},"64":{"start":{"line":108,"column":8},"end":{"line":108,"column":72}},"65":{"start":{"line":109,"column":8},"end":{"line":109,"column":14}},"66":{"start":{"line":111,"column":4},"end":{"line":118,"column":5}},"67":{"start":{"line":112,"column":6},"end":{"line":112,"column":56}},"68":{"start":{"line":113,"column":6},"end":{"line":113,"column":60}},"69":{"start":{"line":114,"column":6},"end":{"line":114,"column":44}},"70":{"start":{"line":116,"column":6},"end":{"line":116,"column":81}},"71":{"start":{"line":117,"column":6},"end":{"line":117,"column":97}},"72":{"start":{"line":121,"column":0},"end":{"line":127,"column":1}},"73":{"start":{"line":122,"column":2},"end":{"line":122,"column":27}},"74":{"start":{"line":123,"column":2},"end":{"line":123,"column":56}},"75":{"start":{"line":124,"column":2},"end":{"line":126,"column":4}},"76":{"start":{"line":129,"column":0},"end":{"line":129,"column":23}}},"fnMap":{"0":{"name":"(anonymous_0)","decl":{"start":{"line":6,"column":23},"end":{"line":6,"column":24}},"loc":{"start":{"line":6,"column":43},"end":{"line":32,"column":1}},"line":6},"1":{"name":"(anonymous_1)","decl":{"start":{"line":34,"column":20},"end":{"line":34,"column":21}},"loc":{"start":{"line":34,"column":40},"end":{"line":48,"column":1}},"line":34},"2":{"name":"(anonymous_2)","decl":{"start":{"line":50,"column":20},"end":{"line":50,"column":21}},"loc":{"start":{"line":50,"column":40},"end":{"line":77,"column":1}},"line":50},"3":{"name":"(anonymous_3)","decl":{"start":{"line":79,"column":19},"end":{"line":79,"column":20}},"loc":{"start":{"line":79,"column":39},"end":{"line":94,"column":1}},"line":79},"4":{"name":"(anonymous_4)","decl":{"start":{"line":95,"column":28},"end":{"line":95,"column":29}},"loc":{"start":{"line":95,"column":45},"end":{"line":119,"column":3}},"line":95},"5":{"name":"(anonymous_5)","decl":{"start":{"line":121,"column":20},"end":{"line":121,"column":21}},"loc":{"start":{"line":121,"column":34},"end":{"line":127,"column":1}},"line":121}},"branchMap":{"0":{"loc":{"start":{"line":10,"column":2},"end":{"line":12,"column":3}},"type":"if","locations":[{"start":{"line":10,"column":2},"end":{"line":12,"column":3}},{"start":{"line":10,"column":2},"end":{"line":12,"column":3}}],"line":10},"1":{"loc":{"start":{"line":20,"column":2},"end":{"line":22,"column":3}},"type":"if","locations":[{"start":{"line":20,"column":2},"end":{"line":22,"column":3}},{"start":{"line":20,"column":2},"end":{"line":22,"column":3}}],"line":20},"2":{"loc":{"start":{"line":51,"column":2},"end":{"line":54,"column":3}},"type":"if","locations":[{"start":{"line":51,"column":2},"end":{"line":54,"column":3}},{"start":{"line":51,"column":2},"end":{"line":54,"column":3}}],"line":51},"3":{"loc":{"start":{"line":62,"column":4},"end":{"line":65,"column":5}},"type":"if","locations":[{"start":{"line":62,"column":4},"end":{"line":65,"column":5}},{"start":{"line":62,"column":4},"end":{"line":65,"column":5}}],"line":62},"4":{"loc":{"start":{"line":66,"column":4},"end":{"line":69,"column":5}},"type":"if","locations":[{"start":{"line":66,"column":4},"end":{"line":69,"column":5}},{"start":{"line":66,"column":4},"end":{"line":69,"column":5}}],"line":66},"5":{"loc":{"start":{"line":96,"column":4},"end":{"line":99,"column":5}},"type":"if","locations":[{"start":{"line":96,"column":4},"end":{"line":99,"column":5}},{"start":{"line":96,"column":4},"end":{"line":99,"column":5}}],"line":96},"6":{"loc":{"start":{"line":96,"column":7},"end":{"line":96,"column":42}},"type":"binary-expr","locations":[{"start":{"line":96,"column":7},"end":{"line":96,"column":21}},{"start":{"line":96,"column":24},"end":{"line":96,"column":42}}],"line":96},"7":{"loc":{"start":{"line":106,"column":4},"end":{"line":110,"column":5}},"type":"if","locations":[{"start":{"line":106,"column":4},"end":{"line":110,"column":5}},{"start":{"line":106,"column":4},"end":{"line":110,"column":5}}],"line":106}},"s":{"0":2,"1":2,"2":2,"3":2,"4":2,"5":4,"6":4,"7":4,"8":1,"9":3,"10":3,"11":3,"12":3,"13":1,"14":2,"15":2,"16":2,"17":1,"18":1,"19":1,"20":1,"21":2,"22":2,"23":2,"24":2,"25":1,"26":1,"27":1,"28":1,"29":2,"30":5,"31":1,"32":1,"33":4,"34":4,"35":4,"36":4,"37":1,"38":1,"39":3,"40":1,"41":1,"42":2,"43":1,"44":1,"45":1,"46":1,"47":2,"48":2,"49":2,"50":2,"51":1,"52":1,"53":1,"54":1,"55":1,"56":2,"57":4,"58":1,"59":1,"60":3,"61":3,"62":3,"63":1,"64":1,"65":1,"66":2,"67":2,"68":1,"69":1,"70":1,"71":1,"72":2,"73":1,"74":1,"75":1,"76":2},"f":{"0":4,"1":2,"2":5,"3":2,"4":4,"5":1},"b":{"0":[1,3],"1":[1,2],"2":[1,4],"3":[1,3],"4":[1,2],"5":[1,3],"6":[4,3],"7":[1,2]},"_coverageSchema":"1a1c01bbd47fc00a2c39e90264f33305004495a9","hash":"a02772ec63a1ecb141504b38db4688fdf03e7671"}
}
