{"C:\\Users\\wides\\databases\\database\\postgres\\pg.js": {"path":"C:\\Users\\wides\\databases\\database\\postgres\\pg.js","statementMap":{"0":{"start":{"line":1,"column":15},"end":{"line":1,"column":53}},"1":{"start":{"line":2,"column":19},"end":{"line":2,"column":32}},"2":{"start":{"line":3,"column":0},"end":{"line":3,"column":26}},"3":{"start":{"line":5,"column":17},"end":{"line":5,"column":19}},"4":{"start":{"line":8,"column":0},"end":{"line":17,"column":1}},"5":{"start":{"line":9,"column":4},"end":{"line":15,"column":6}},"6":{"start":{"line":16,"column":4},"end":{"line":16,"column":27}},"7":{"start":{"line":19,"column":0},"end":{"line":21,"column":1}},"8":{"start":{"line":20,"column":4},"end":{"line":20,"column":23}},"9":{"start":{"line":23,"column":0},"end":{"line":33,"column":1}},"10":{"start":{"line":24,"column":4},"end":{"line":24,"column":37}},"11":{"start":{"line":24,"column":31},"end":{"line":24,"column":37}},"12":{"start":{"line":25,"column":2},"end":{"line":32,"column":3}},"13":{"start":{"line":26,"column":4},"end":{"line":26,"column":70}},"14":{"start":{"line":27,"column":4},"end":{"line":27,"column":103}},"15":{"start":{"line":28,"column":4},"end":{"line":28,"column":79}},"16":{"start":{"line":30,"column":4},"end":{"line":30,"column":21}},"17":{"start":{"line":31,"column":4},"end":{"line":31,"column":73}},"18":{"start":{"line":35,"column":0},"end":{"line":44,"column":1}},"19":{"start":{"line":36,"column":4},"end":{"line":36,"column":24}},"20":{"start":{"line":36,"column":18},"end":{"line":36,"column":24}},"21":{"start":{"line":37,"column":2},"end":{"line":43,"column":3}},"22":{"start":{"line":38,"column":4},"end":{"line":38,"column":64}},"23":{"start":{"line":39,"column":4},"end":{"line":39,"column":60}},"24":{"start":{"line":41,"column":4},"end":{"line":41,"column":21}},"25":{"start":{"line":42,"column":4},"end":{"line":42,"column":86}},"26":{"start":{"line":46,"column":0},"end":{"line":46,"column":25}}},"fnMap":{"0":{"name":"(anonymous_0)","decl":{"start":{"line":8,"column":21},"end":{"line":8,"column":22}},"loc":{"start":{"line":8,"column":25},"end":{"line":17,"column":1}},"line":8},"1":{"name":"(anonymous_1)","decl":{"start":{"line":19,"column":21},"end":{"line":19,"column":22}},"loc":{"start":{"line":19,"column":25},"end":{"line":21,"column":1}},"line":19},"2":{"name":"(anonymous_2)","decl":{"start":{"line":23,"column":27},"end":{"line":23,"column":28}},"loc":{"start":{"line":23,"column":55},"end":{"line":33,"column":1}},"line":23},"3":{"name":"(anonymous_3)","decl":{"start":{"line":35,"column":27},"end":{"line":35,"column":28}},"loc":{"start":{"line":35,"column":45},"end":{"line":44,"column":1}},"line":35}},"branchMap":{"0":{"loc":{"start":{"line":24,"column":4},"end":{"line":24,"column":37}},"type":"if","locations":[{"start":{"line":24,"column":4},"end":{"line":24,"column":37}},{"start":{"line":24,"column":4},"end":{"line":24,"column":37}}],"line":24},"1":{"loc":{"start":{"line":24,"column":7},"end":{"line":24,"column":29}},"type":"binary-expr","locations":[{"start":{"line":24,"column":7},"end":{"line":24,"column":16}},{"start":{"line":24,"column":20},"end":{"line":24,"column":29}}],"line":24},"2":{"loc":{"start":{"line":36,"column":4},"end":{"line":36,"column":24}},"type":"if","locations":[{"start":{"line":36,"column":4},"end":{"line":36,"column":24}},{"start":{"line":36,"column":4},"end":{"line":36,"column":24}}],"line":36}},"s":{"0":1,"1":1,"2":1,"3":1,"4":1,"5":7,"6":7,"7":1,"8":7,"9":1,"10":3,"11":1,"12":2,"13":2,"14":1,"15":1,"16":1,"17":1,"18":1,"19":3,"20":1,"21":2,"22":2,"23":1,"24":1,"25":1,"26":1},"f":{"0":7,"1":7,"2":3,"3":3},"b":{"0":[1,2],"1":[3,2],"2":[1,2]},"_coverageSchema":"1a1c01bbd47fc00a2c39e90264f33305004495a9","hash":"f6b6c743e246dac2fa3630d59fb2d38dc2a8392a"}
,"C:\\Users\\wides\\databases\\lib\\log.js": {"path":"C:\\Users\\wides\\databases\\lib\\log.js","statementMap":{"0":{"start":{"line":1,"column":43},"end":{"line":1,"column":61}},"1":{"start":{"line":2,"column":13},"end":{"line":2,"column":28}},"2":{"start":{"line":4,"column":0},"end":{"line":42,"column":1}},"3":{"start":{"line":5,"column":19},"end":{"line":19,"column":6}},"4":{"start":{"line":13,"column":20},"end":{"line":13,"column":93}},"5":{"start":{"line":21,"column":24},"end":{"line":27,"column":5}},"6":{"start":{"line":22,"column":27},"end":{"line":25,"column":10}},"7":{"start":{"line":23,"column":12},"end":{"line":23,"column":55}},"8":{"start":{"line":23,"column":36},"end":{"line":23,"column":55}},"9":{"start":{"line":24,"column":12},"end":{"line":24,"column":20}},"10":{"start":{"line":26,"column":8},"end":{"line":26,"column":44}},"11":{"start":{"line":29,"column":16},"end":{"line":39,"column":5}},"12":{"start":{"line":31,"column":12},"end":{"line":31,"column":42}},"13":{"start":{"line":34,"column":12},"end":{"line":34,"column":42}},"14":{"start":{"line":37,"column":12},"end":{"line":37,"column":43}},"15":{"start":{"line":41,"column":4},"end":{"line":41,"column":14}}},"fnMap":{"0":{"name":"(anonymous_0)","decl":{"start":{"line":4,"column":17},"end":{"line":4,"column":18}},"loc":{"start":{"line":4,"column":27},"end":{"line":42,"column":1}},"line":4},"1":{"name":"(anonymous_1)","decl":{"start":{"line":12,"column":26},"end":{"line":12,"column":27}},"loc":{"start":{"line":12,"column":36},"end":{"line":14,"column":17}},"line":12},"2":{"name":"(anonymous_2)","decl":{"start":{"line":21,"column":24},"end":{"line":21,"column":25}},"loc":{"start":{"line":21,"column":34},"end":{"line":27,"column":5}},"line":21},"3":{"name":"(anonymous_3)","decl":{"start":{"line":22,"column":36},"end":{"line":22,"column":37}},"loc":{"start":{"line":22,"column":43},"end":{"line":25,"column":9}},"line":22},"4":{"name":"(anonymous_4)","decl":{"start":{"line":30,"column":14},"end":{"line":30,"column":15}},"loc":{"start":{"line":30,"column":27},"end":{"line":32,"column":9}},"line":30},"5":{"name":"(anonymous_5)","decl":{"start":{"line":33,"column":14},"end":{"line":33,"column":15}},"loc":{"start":{"line":33,"column":27},"end":{"line":35,"column":9}},"line":33},"6":{"name":"(anonymous_6)","decl":{"start":{"line":36,"column":15},"end":{"line":36,"column":16}},"loc":{"start":{"line":36,"column":28},"end":{"line":38,"column":9}},"line":36}},"branchMap":{"0":{"loc":{"start":{"line":23,"column":12},"end":{"line":23,"column":55}},"type":"if","locations":[{"start":{"line":23,"column":12},"end":{"line":23,"column":55}},{"start":{"line":23,"column":12},"end":{"line":23,"column":55}}],"line":23}},"s":{"0":5,"1":5,"2":5,"3":3,"4":1,"5":3,"6":3,"7":6,"8":1,"9":5,"10":3,"11":3,"12":1,"13":1,"14":1,"15":3},"f":{"0":3,"1":1,"2":3,"3":6,"4":1,"5":1,"6":1},"b":{"0":[1,5]},"_coverageSchema":"1a1c01bbd47fc00a2c39e90264f33305004495a9","hash":"4d5b119cb2b4225cc1a19af70349d0e7784d4c1c"}
,"C:\\Users\\wides\\databases\\lib\\users.js": {"path":"C:\\Users\\wides\\databases\\lib\\users.js","statementMap":{"0":{"start":{"line":1,"column":15},"end":{"line":1,"column":43}},"1":{"start":{"line":2,"column":12},"end":{"line":2,"column":26}},"2":{"start":{"line":3,"column":11},"end":{"line":3,"column":37}},"3":{"start":{"line":4,"column":15},"end":{"line":4,"column":32}},"4":{"start":{"line":5,"column":14},"end":{"line":5,"column":16}},"5":{"start":{"line":7,"column":15},"end":{"line":11,"column":2}},"6":{"start":{"line":13,"column":0},"end":{"line":36,"column":1}},"7":{"start":{"line":14,"column":2},"end":{"line":18,"column":3}},"8":{"start":{"line":15,"column":4},"end":{"line":15,"column":35}},"9":{"start":{"line":17,"column":4},"end":{"line":17,"column":24}},"10":{"start":{"line":20,"column":40},"end":{"line":20,"column":48}},"11":{"start":{"line":21,"column":23},"end":{"line":21,"column":37}},"12":{"start":{"line":22,"column":22},"end":{"line":26,"column":4}},"13":{"start":{"line":27,"column":2},"end":{"line":30,"column":3}},"14":{"start":{"line":28,"column":4},"end":{"line":28,"column":82}},"15":{"start":{"line":29,"column":4},"end":{"line":29,"column":50}},"16":{"start":{"line":31,"column":2},"end":{"line":35,"column":4}},"17":{"start":{"line":38,"column":0},"end":{"line":63,"column":1}},"18":{"start":{"line":39,"column":2},"end":{"line":42,"column":3}},"19":{"start":{"line":40,"column":4},"end":{"line":40,"column":55}},"20":{"start":{"line":41,"column":4},"end":{"line":41,"column":44}},"21":{"start":{"line":44,"column":21},"end":{"line":44,"column":35}},"22":{"start":{"line":45,"column":18},"end":{"line":49,"column":4}},"23":{"start":{"line":51,"column":2},"end":{"line":54,"column":3}},"24":{"start":{"line":52,"column":4},"end":{"line":52,"column":52}},"25":{"start":{"line":53,"column":4},"end":{"line":53,"column":37}},"26":{"start":{"line":56,"column":20},"end":{"line":56,"column":88}},"27":{"start":{"line":57,"column":2},"end":{"line":60,"column":3}},"28":{"start":{"line":58,"column":4},"end":{"line":58,"column":42}},"29":{"start":{"line":59,"column":4},"end":{"line":59,"column":46}},"30":{"start":{"line":62,"column":2},"end":{"line":62,"column":27}},"31":{"start":{"line":65,"column":0},"end":{"line":80,"column":1}},"32":{"start":{"line":66,"column":21},"end":{"line":66,"column":35}},"33":{"start":{"line":67,"column":2},"end":{"line":78,"column":3}},"34":{"start":{"line":68,"column":4},"end":{"line":74,"column":6}},"35":{"start":{"line":76,"column":4},"end":{"line":76,"column":68}},"36":{"start":{"line":77,"column":4},"end":{"line":77,"column":48}},"37":{"start":{"line":79,"column":2},"end":{"line":79,"column":68}},"38":{"start":{"line":82,"column":0},"end":{"line":82,"column":22}}},"fnMap":{"0":{"name":"(anonymous_0)","decl":{"start":{"line":13,"column":15},"end":{"line":13,"column":16}},"loc":{"start":{"line":13,"column":35},"end":{"line":36,"column":1}},"line":13},"1":{"name":"(anonymous_1)","decl":{"start":{"line":38,"column":14},"end":{"line":38,"column":15}},"loc":{"start":{"line":38,"column":34},"end":{"line":63,"column":1}},"line":38},"2":{"name":"(anonymous_2)","decl":{"start":{"line":65,"column":22},"end":{"line":65,"column":23}},"loc":{"start":{"line":65,"column":42},"end":{"line":80,"column":1}},"line":65}},"branchMap":{"0":{"loc":{"start":{"line":27,"column":2},"end":{"line":30,"column":3}},"type":"if","locations":[{"start":{"line":27,"column":2},"end":{"line":30,"column":3}},{"start":{"line":27,"column":2},"end":{"line":30,"column":3}}],"line":27},"1":{"loc":{"start":{"line":39,"column":2},"end":{"line":42,"column":3}},"type":"if","locations":[{"start":{"line":39,"column":2},"end":{"line":42,"column":3}},{"start":{"line":39,"column":2},"end":{"line":42,"column":3}}],"line":39},"2":{"loc":{"start":{"line":39,"column":6},"end":{"line":39,"column":43}},"type":"binary-expr","locations":[{"start":{"line":39,"column":6},"end":{"line":39,"column":24}},{"start":{"line":39,"column":28},"end":{"line":39,"column":43}}],"line":39},"3":{"loc":{"start":{"line":51,"column":2},"end":{"line":54,"column":3}},"type":"if","locations":[{"start":{"line":51,"column":2},"end":{"line":54,"column":3}},{"start":{"line":51,"column":2},"end":{"line":54,"column":3}}],"line":51},"4":{"loc":{"start":{"line":57,"column":2},"end":{"line":60,"column":3}},"type":"if","locations":[{"start":{"line":57,"column":2},"end":{"line":60,"column":3}},{"start":{"line":57,"column":2},"end":{"line":60,"column":3}}],"line":57}},"s":{"0":1,"1":1,"2":1,"3":1,"4":1,"5":1,"6":1,"7":7,"8":7,"9":5,"10":2,"11":2,"12":2,"13":2,"14":1,"15":1,"16":1,"17":1,"18":4,"19":1,"20":1,"21":3,"22":3,"23":3,"24":1,"25":1,"26":2,"27":2,"28":1,"29":1,"30":1,"31":1,"32":2,"33":2,"34":2,"35":1,"36":1,"37":1,"38":1},"f":{"0":7,"1":4,"2":2},"b":{"0":[1,1],"1":[1,3],"2":[4,1],"3":[1,2],"4":[1,1]},"_coverageSchema":"1a1c01bbd47fc00a2c39e90264f33305004495a9","hash":"82cd96da308dcb001ceb669d9d10c23bde4a5ec4"}
,"C:\\Users\\wides\\databases\\sequelize\\db.js": {"path":"C:\\Users\\wides\\databases\\sequelize\\db.js","statementMap":{"0":{"start":{"line":1,"column":33},"end":{"line":1,"column":53}},"1":{"start":{"line":2,"column":15},"end":{"line":2,"column":48}},"2":{"start":{"line":3,"column":0},"end":{"line":3,"column":26}},"3":{"start":{"line":6,"column":17},"end":{"line":6,"column":19}},"4":{"start":{"line":8,"column":15},"end":{"line":8,"column":17}},"5":{"start":{"line":10,"column":0},"end":{"line":58,"column":1}},"6":{"start":{"line":11,"column":2},"end":{"line":11,"column":42}},"7":{"start":{"line":12,"column":2},"end":{"line":57,"column":3}},"8":{"start":{"line":13,"column":4},"end":{"line":21,"column":6}},"9":{"start":{"line":22,"column":4},"end":{"line":49,"column":6}},"10":{"start":{"line":50,"column":4},"end":{"line":50,"column":46}},"11":{"start":{"line":51,"column":4},"end":{"line":51,"column":34}},"12":{"start":{"line":52,"column":4},"end":{"line":52,"column":47}},"13":{"start":{"line":53,"column":4},"end":{"line":53,"column":59}},"14":{"start":{"line":55,"column":4},"end":{"line":55,"column":21}},"15":{"start":{"line":56,"column":4},"end":{"line":56,"column":63}},"16":{"start":{"line":60,"column":0},"end":{"line":63,"column":1}},"17":{"start":{"line":61,"column":2},"end":{"line":61,"column":41}},"18":{"start":{"line":62,"column":2},"end":{"line":62,"column":26}},"19":{"start":{"line":65,"column":0},"end":{"line":68,"column":1}},"20":{"start":{"line":66,"column":2},"end":{"line":66,"column":31}},"21":{"start":{"line":67,"column":2},"end":{"line":67,"column":15}},"22":{"start":{"line":70,"column":0},"end":{"line":70,"column":25}}},"fnMap":{"0":{"name":"(anonymous_0)","decl":{"start":{"line":10,"column":17},"end":{"line":10,"column":18}},"loc":{"start":{"line":10,"column":29},"end":{"line":58,"column":1}},"line":10},"1":{"name":"(anonymous_1)","decl":{"start":{"line":60,"column":17},"end":{"line":60,"column":18}},"loc":{"start":{"line":60,"column":23},"end":{"line":63,"column":1}},"line":60},"2":{"name":"(anonymous_2)","decl":{"start":{"line":65,"column":21},"end":{"line":65,"column":22}},"loc":{"start":{"line":65,"column":27},"end":{"line":68,"column":1}},"line":65}},"branchMap":{},"s":{"0":2,"1":2,"2":2,"3":2,"4":2,"5":2,"6":5,"7":5,"8":5,"9":5,"10":5,"11":5,"12":4,"13":4,"14":1,"15":1,"16":2,"17":1,"18":1,"19":2,"20":1,"21":1,"22":2},"f":{"0":5,"1":1,"2":1},"b":{},"_coverageSchema":"1a1c01bbd47fc00a2c39e90264f33305004495a9","hash":"196548bcadb9f0c9624cb3741d90e04ced3bab94"}
,"C:\\Users\\wides\\databases\\services\\mailer.js": {"path":"C:\\Users\\wides\\databases\\services\\mailer.js","statementMap":{"0":{"start":{"line":1,"column":16},"end":{"line":1,"column":37}},"1":{"start":{"line":2,"column":15},"end":{"line":2,"column":48}},"2":{"start":{"line":3,"column":0},"end":{"line":3,"column":26}},"3":{"start":{"line":5,"column":11},"end":{"line":5,"column":93}},"4":{"start":{"line":7,"column":17},"end":{"line":7,"column":19}},"5":{"start":{"line":9,"column":0},"end":{"line":30,"column":1}},"6":{"start":{"line":10,"column":17},"end":{"line":10,"column":72}},"7":{"start":{"line":11,"column":17},"end":{"line":23,"column":5}},"8":{"start":{"line":24,"column":4},"end":{"line":29,"column":6}},"9":{"start":{"line":25,"column":8},"end":{"line":25,"column":73}},"10":{"start":{"line":27,"column":8},"end":{"line":27,"column":53}},"11":{"start":{"line":28,"column":8},"end":{"line":28,"column":18}},"12":{"start":{"line":32,"column":0},"end":{"line":32,"column":25}}},"fnMap":{"0":{"name":"(anonymous_0)","decl":{"start":{"line":9,"column":33},"end":{"line":9,"column":34}},"loc":{"start":{"line":9,"column":54},"end":{"line":30,"column":1}},"line":9},"1":{"name":"(anonymous_1)","decl":{"start":{"line":24,"column":41},"end":{"line":24,"column":42}},"loc":{"start":{"line":24,"column":59},"end":{"line":26,"column":5}},"line":24},"2":{"name":"(anonymous_2)","decl":{"start":{"line":26,"column":13},"end":{"line":26,"column":14}},"loc":{"start":{"line":26,"column":22},"end":{"line":29,"column":5}},"line":26}},"branchMap":{},"s":{"0":1,"1":1,"2":1,"3":1,"4":1,"5":1,"6":2,"7":2,"8":2,"9":1,"10":1,"11":1,"12":1},"f":{"0":2,"1":1,"2":1},"b":{},"_coverageSchema":"1a1c01bbd47fc00a2c39e90264f33305004495a9","hash":"b5ef788e39b66f98f7176f41533e7b66c4a75a3b"}
}
