TN:
SF:database\postgres\pg.js
FN:8,(anonymous_0)
FN:19,(anonymous_1)
FN:23,(anonymous_2)
FN:35,(anonymous_3)
FNF:4
FNH:4
FNDA:7,(anonymous_0)
FNDA:7,(anonymous_1)
FNDA:3,(anonymous_2)
FNDA:3,(anonymous_3)
DA:1,1
DA:2,1
DA:3,1
DA:5,1
DA:8,1
DA:9,7
DA:16,7
DA:19,1
DA:20,7
DA:23,1
DA:24,3
DA:25,2
DA:26,2
DA:27,1
DA:28,1
DA:30,1
DA:31,1
DA:35,1
DA:36,3
DA:37,2
DA:38,2
DA:39,1
DA:41,1
DA:42,1
DA:46,1
LF:25
LH:25
BRDA:24,0,0,1
BRDA:24,0,1,2
BRDA:24,1,0,3
BRDA:24,1,1,2
BRDA:36,2,0,1
BRDA:36,2,1,2
BRF:6
BRH:6
end_of_record
TN:
SF:lib\log.js
FN:4,(anonymous_0)
FN:12,(anonymous_1)
FN:21,(anonymous_2)
FN:22,(anonymous_3)
FN:30,(anonymous_4)
FN:33,(anonymous_5)
FN:36,(anonymous_6)
FNF:7
FNH:7
FNDA:3,(anonymous_0)
FNDA:1,(anonymous_1)
FNDA:3,(anonymous_2)
FNDA:6,(anonymous_3)
FNDA:1,(anonymous_4)
FNDA:1,(anonymous_5)
FNDA:1,(anonymous_6)
DA:1,5
DA:2,5
DA:4,5
DA:5,3
DA:13,1
DA:21,3
DA:22,3
DA:23,6
DA:24,5
DA:26,3
DA:29,3
DA:31,1
DA:34,1
DA:37,1
DA:41,3
LF:15
LH:15
BRDA:23,0,0,1
BRDA:23,0,1,5
BRF:2
BRH:2
end_of_record
TN:
SF:lib\users.js
FN:13,(anonymous_0)
FN:38,(anonymous_1)
FN:65,(anonymous_2)
FNF:3
FNH:3
FNDA:7,(anonymous_0)
FNDA:4,(anonymous_1)
FNDA:2,(anonymous_2)
DA:1,1
DA:2,1
DA:3,1
DA:4,1
DA:5,1
DA:7,1
DA:13,1
DA:14,7
DA:15,7
DA:17,5
DA:20,2
DA:21,2
DA:22,2
DA:27,2
DA:28,1
DA:29,1
DA:31,1
DA:38,1
DA:39,4
DA:40,1
DA:41,1
DA:44,3
DA:45,3
DA:51,3
DA:52,1
DA:53,1
DA:56,2
DA:57,2
DA:58,1
DA:59,1
DA:62,1
DA:65,1
DA:66,2
DA:67,2
DA:68,2
DA:76,1
DA:77,1
DA:79,1
DA:82,1
LF:39
LH:39
BRDA:27,0,0,1
BRDA:27,0,1,1
BRDA:39,1,0,1
BRDA:39,1,1,3
BRDA:39,2,0,4
BRDA:39,2,1,1
BRDA:51,3,0,1
BRDA:51,3,1,2
BRDA:57,4,0,1
BRDA:57,4,1,1
BRF:10
BRH:10
end_of_record
TN:
SF:sequelize\db.js
FN:10,(anonymous_0)
FN:60,(anonymous_1)
FN:65,(anonymous_2)
FNF:3
FNH:3
FNDA:5,(anonymous_0)
FNDA:1,(anonymous_1)
FNDA:1,(anonymous_2)
DA:1,2
DA:2,2
DA:3,2
DA:6,2
DA:8,2
DA:10,2
DA:11,5
DA:12,5
DA:13,5
DA:22,5
DA:50,5
DA:51,5
DA:52,4
DA:53,4
DA:55,1
DA:56,1
DA:60,2
DA:61,1
DA:62,1
DA:65,2
DA:66,1
DA:67,1
DA:70,2
LF:23
LH:23
BRF:0
BRH:0
end_of_record
TN:
SF:services\mailer.js
FN:9,(anonymous_0)
FN:24,(anonymous_1)
FN:26,(anonymous_2)
FNF:3
FNH:3
FNDA:2,(anonymous_0)
FNDA:1,(anonymous_1)
FNDA:1,(anonymous_2)
DA:1,1
DA:2,1
DA:3,1
DA:5,1
DA:7,1
DA:9,1
DA:10,2
DA:11,2
DA:24,2
DA:25,1
DA:27,1
DA:28,1
DA:32,1
LF:13
LH:13
BRF:0
BRH:0
end_of_record
