TN:
SF:database/postgres/pg.js
FN:8,(anonymous_0)
FN:19,(anonymous_1)
FN:23,(anonymous_2)
FN:35,(anonymous_3)
FNF:4
FNH:4
FNDA:7,(anonymous_0)
FNDA:7,(anonymous_1)
FNDA:3,(anonymous_2)
FNDA:3,(anonymous_3)
DA:1,1
DA:2,1
DA:3,1
DA:5,1
DA:8,1
DA:9,7
DA:16,7
DA:19,1
DA:20,7
DA:23,1
DA:24,3
DA:25,2
DA:26,2
DA:27,1
DA:28,1
DA:30,1
DA:31,1
DA:35,1
DA:36,3
DA:37,2
DA:38,2
DA:39,1
DA:41,1
DA:42,1
DA:46,1
LF:25
LH:25
BRDA:24,0,0,1
BRDA:24,0,1,2
BRDA:24,1,0,3
BRDA:24,1,1,2
BRDA:36,2,0,1
BRDA:36,2,1,2
BRF:6
BRH:6
end_of_record
TN:
SF:lib/log.js
FN:4,(anonymous_0)
FN:12,(anonymous_1)
FN:21,(anonymous_2)
FN:22,(anonymous_3)
FN:30,(anonymous_4)
FN:33,(anonymous_5)
FN:36,(anonymous_6)
FNF:7
FNH:7
FNDA:12,(anonymous_0)
FNDA:21,(anonymous_1)
FNDA:23,(anonymous_2)
FNDA:31,(anonymous_3)
FNDA:19,(anonymous_4)
FNDA:1,(anonymous_5)
FNDA:3,(anonymous_6)
DA:1,10
DA:2,10
DA:4,10
DA:5,12
DA:13,21
DA:21,12
DA:22,23
DA:23,31
DA:24,29
DA:26,23
DA:29,12
DA:31,19
DA:34,1
DA:37,3
DA:41,12
LF:15
LH:15
BRDA:23,0,0,2
BRDA:23,0,1,29
BRF:2
BRH:2
end_of_record
TN:
SF:lib/users.js
FN:15,(anonymous_0)
FN:34,(anonymous_1)
FN:61,(anonymous_2)
FN:88,(anonymous_3)
FNF:4
FNH:4
FNDA:2,(anonymous_0)
FNDA:7,(anonymous_1)
FNDA:4,(anonymous_2)
FNDA:3,(anonymous_3)
DA:1,3
DA:2,3
DA:3,3
DA:4,3
DA:5,3
DA:6,3
DA:7,3
DA:9,3
DA:15,3
DA:16,2
DA:17,2
DA:19,2
DA:24,2
DA:25,2
DA:27,2
DA:28,2
DA:34,3
DA:35,7
DA:36,7
DA:38,5
DA:41,2
DA:42,2
DA:43,2
DA:48,2
DA:49,1
DA:50,1
DA:52,1
DA:57,1
DA:58,1
DA:61,3
DA:62,4
DA:63,1
DA:64,1
DA:67,3
DA:68,3
DA:74,3
DA:75,1
DA:76,1
DA:79,2
DA:80,2
DA:81,1
DA:82,1
DA:85,1
DA:88,3
DA:89,3
DA:90,1
DA:91,1
DA:93,2
DA:94,2
DA:95,2
DA:103,1
DA:104,1
DA:106,1
DA:109,3
LF:54
LH:54
BRDA:48,0,0,1
BRDA:48,0,1,1
BRDA:62,1,0,1
BRDA:62,1,1,3
BRDA:62,2,0,4
BRDA:62,2,1,1
BRDA:74,3,0,1
BRDA:74,3,1,2
BRDA:80,4,0,1
BRDA:80,4,1,1
BRDA:89,5,0,1
BRDA:89,5,1,2
BRDA:89,6,0,3
BRDA:89,6,1,3
BRF:14
BRH:14
end_of_record
TN:
SF:sequelize/db.js
FN:10,(anonymous_0)
FN:60,(anonymous_1)
FN:65,(anonymous_2)
FNF:3
FNH:3
FNDA:5,(anonymous_0)
FNDA:1,(anonymous_1)
FNDA:1,(anonymous_2)
DA:1,4
DA:2,4
DA:3,4
DA:6,4
DA:8,4
DA:10,4
DA:11,5
DA:12,5
DA:13,5
DA:22,5
DA:50,5
DA:51,5
DA:52,4
DA:53,4
DA:55,1
DA:56,1
DA:60,4
DA:61,1
DA:62,1
DA:65,4
DA:66,1
DA:67,1
DA:70,4
LF:23
LH:23
BRF:0
BRH:0
end_of_record
TN:
SF:services/mailer.js
FN:12,(anonymous_0)
FN:27,(anonymous_1)
FN:29,(anonymous_2)
FNF:3
FNH:3
FNDA:2,(anonymous_0)
FNDA:1,(anonymous_1)
FNDA:1,(anonymous_2)
DA:1,4
DA:2,4
DA:3,4
DA:5,4
DA:10,4
DA:12,4
DA:13,2
DA:14,2
DA:27,2
DA:28,1
DA:30,1
DA:31,1
DA:35,4
LF:13
LH:13
BRF:0
BRH:0
end_of_record
TN:
SF:src/server.js
FN:9,(anonymous_0)
FN:13,(anonymous_1)
FN:15,(anonymous_2)
FN:21,(anonymous_3)
FN:28,(anonymous_4)
FN:29,(anonymous_5)
FN:32,(anonymous_6)
FNF:7
FNH:6
FNDA:2,(anonymous_0)
FNDA:4,(anonymous_1)
FNDA:4,(anonymous_2)
FNDA:4,(anonymous_3)
FNDA:1,(anonymous_4)
FNDA:1,(anonymous_5)
FNDA:0,(anonymous_6)
DA:1,1
DA:2,1
DA:3,1
DA:4,1
DA:6,1
DA:7,1
DA:9,1
DA:10,2
DA:13,1
DA:14,4
DA:15,4
DA:16,4
DA:17,4
DA:19,4
DA:20,4
DA:21,4
DA:22,4
DA:23,4
DA:28,1
DA:29,1
DA:30,1
DA:31,1
DA:32,1
DA:33,0
DA:34,0
DA:39,1
LF:26
LH:24
BRF:0
BRH:0
end_of_record
TN:
SF:src/routes/userRoutes.js
FN:6,(anonymous_0)
FN:38,(anonymous_1)
FNF:2
FNH:2
FNDA:4,(anonymous_0)
FNDA:4,(anonymous_1)
DA:1,2
DA:2,2
DA:3,2
DA:4,2
DA:6,2
DA:7,4
DA:8,4
DA:10,4
DA:11,1
DA:14,3
DA:15,3
DA:16,3
DA:22,3
DA:23,1
DA:26,2
DA:27,2
DA:28,2
DA:30,1
DA:31,1
DA:33,1
DA:34,1
DA:38,2
DA:39,4
DA:40,1
DA:41,1
DA:43,3
DA:44,3
DA:49,3
DA:50,1
DA:51,1
DA:52,1
DA:54,2
DA:56,2
DA:57,1
DA:58,1
DA:60,1
DA:61,1
DA:66,2
LF:38
LH:38
BRDA:10,0,0,1
BRDA:10,0,1,3
BRDA:22,1,0,1
BRDA:22,1,1,2
BRDA:39,2,0,1
BRDA:39,2,1,3
BRDA:39,3,0,4
BRDA:39,3,1,3
BRDA:49,4,0,1
BRDA:49,4,1,2
BRF:10
BRH:10
end_of_record
